Using pre-set license
Built from '2021.3/staging' branch; Version is '2021.3.8f1 (b30333d56e81) revision 11731763'; Using compiler version '192829333'; Build Type 'Release'
OS: 'Windows 7  (6.1.0) 64bit HomeBasic' Language: 'ru' Physical Memory: 8185 MB
BatchMode: 1, IsHumanControllingUs: 0, StartBugReporterOnCrash: 0, Is64bit: 1, IsPro: 1

COMMAND LINE ARGUMENTS:
E:\Games 2\Unity folder\2021.3.8f1\Editor\Unity.exe
-adb2
-batchMode
-noUpm
-name
AssetImportWorker0
-projectPath
E:/Games 2/Unity folder/UnityProject
-logFile
Logs/AssetImportWorker0.log
-srvPort
59084
Successfully changed project path to: E:/Games 2/Unity folder/UnityProject
E:/Games 2/Unity folder/UnityProject
[UnityMemory] Configuration Parameters - Can be set up in boot.config
    "memorysetup-bucket-allocator-granularity=16"
    "memorysetup-bucket-allocator-bucket-count=8"
    "memorysetup-bucket-allocator-block-size=33554432"
    "memorysetup-bucket-allocator-block-count=8"
    "memorysetup-main-allocator-block-size=16777216"
    "memorysetup-thread-allocator-block-size=16777216"
    "memorysetup-gfx-main-allocator-block-size=16777216"
    "memorysetup-gfx-thread-allocator-block-size=16777216"
    "memorysetup-cache-allocator-block-size=4194304"
    "memorysetup-typetree-allocator-block-size=2097152"
    "memorysetup-profiler-bucket-allocator-granularity=16"
    "memorysetup-profiler-bucket-allocator-bucket-count=8"
    "memorysetup-profiler-bucket-allocator-block-size=33554432"
    "memorysetup-profiler-bucket-allocator-block-count=8"
    "memorysetup-profiler-allocator-block-size=16777216"
    "memorysetup-profiler-editor-allocator-block-size=1048576"
    "memorysetup-temp-allocator-size-main=16777216"
    "memorysetup-job-temp-allocator-block-size=2097152"
    "memorysetup-job-temp-allocator-block-size-background=1048576"
    "memorysetup-job-temp-allocator-reduction-small-platforms=262144"
    "memorysetup-temp-allocator-size-background-worker=32768"
    "memorysetup-temp-allocator-size-job-worker=262144"
    "memorysetup-temp-allocator-size-preload-manager=33554432"
    "memorysetup-temp-allocator-size-nav-mesh-worker=65536"
    "memorysetup-temp-allocator-size-audio-worker=65536"
    "memorysetup-temp-allocator-size-cloud-worker=32768"
    "memorysetup-temp-allocator-size-gi-baking-worker=262144"
    "memorysetup-temp-allocator-size-gfx=262144"
Refreshing native plugins compatible for Editor in 94.17 ms, found 2 plugins.
Preloading 0 native plugins for Editor in 0.00 ms.
Initialize engine version: 2021.3.8f1 (b30333d56e81)
[Subsystems] Discovering subsystems at path E:/Games 2/Unity folder/2021.3.8f1/Editor/Data/Resources/UnitySubsystems
[Subsystems] Discovering subsystems at path E:/Games 2/Unity folder/UnityProject/Assets
GfxDevice: creating device client; threaded=0; jobified=0
d3d11: CreateDXGIFactory2(...) not found, fallbacking to CreateDXGIFactory1(...).
d3d11: QueryInterface(IDXGIFactory5) failed (80004002).
Direct3D:
    Version:  Direct3D 11.0 [level 11.0]
    Renderer: NVIDIA GeForce GT 730 (ID=0x1287)
    Vendor:   NVIDIA
    VRAM:     963 MB
    Driver:   30.0.14.7381
Initialize mono
Mono path[0] = 'E:/Games 2/Unity folder/2021.3.8f1/Editor/Data/Managed'
Mono path[1] = 'E:/Games 2/Unity folder/2021.3.8f1/Editor/Data/MonoBleedingEdge/lib/mono/unityjit-win32'
Mono config path = 'E:/Games 2/Unity folder/2021.3.8f1/Editor/Data/MonoBleedingEdge/etc'
Using monoOptions --debugger-agent=transport=dt_socket,embedding=1,server=y,suspend=n,address=127.0.0.1:56068
Begin MonoManager ReloadAssembly
Registering precompiled unity dll's ...
Register platform support module: E:/Games 2/Unity folder/2021.3.8f1/Editor/Data/PlaybackEngines/WebGLSupport/UnityEditor.WebGL.Extensions.dll
Register platform support module: E:/Games 2/Unity folder/2021.3.8f1/Editor/Data/PlaybackEngines/WindowsStandaloneSupport/UnityEditor.WindowsStandalone.Extensions.dll
Registered in 0.003550 seconds.
Native extension for WindowsStandalone target not found
Native extension for WebGL target not found
Refreshing native plugins compatible for Editor in 78.14 ms, found 2 plugins.
Preloading 0 native plugins for Editor in 0.00 ms.
Mono: successfully reloaded assembly
- Completed reload, in  1.108 seconds
Domain Reload Profiling:
	ReloadAssembly (1109ms)
		BeginReloadAssembly (130ms)
			ExecutionOrderSort (0ms)
			DisableScriptedObjects (0ms)
			BackupInstance (0ms)
			ReleaseScriptingObjects (0ms)
			CreateAndSetChildDomain (1ms)
		EndReloadAssembly (792ms)
			LoadAssemblies (129ms)
			RebuildTransferFunctionScriptingTraits (0ms)
			SetupTypeCache (211ms)
			ReleaseScriptCaches (0ms)
			RebuildScriptCaches (60ms)
			SetupLoadedEditorAssemblies (431ms)
				LogAssemblyErrors (0ms)
				InitializePlatformSupportModulesInManaged (14ms)
				SetLoadedEditorAssemblies (0ms)
				RefreshPlugins (78ms)
				BeforeProcessingInitializeOnLoad (2ms)
				ProcessInitializeOnLoadAttributes (249ms)
				ProcessInitializeOnLoadMethodAttributes (87ms)
				AfterProcessingInitializeOnLoad (0ms)
				EditorAssembliesLoaded (0ms)
			ExecutionOrderSort2 (0ms)
			AwakeInstancesAfterBackupRestoration (0ms)
Platform modules already initialized, skipping
Registering precompiled user dll's ...
Registered in 0.005730 seconds.
Begin MonoManager ReloadAssembly
Native extension for WindowsStandalone target not found
Native extension for WebGL target not found
Refreshing native plugins compatible for Editor in 1.34 ms, found 2 plugins.
Preloading 0 native plugins for Editor in 0.00 ms.
Package Manager log level set to [2]
Mono: successfully reloaded assembly
- Completed reload, in  2.019 seconds
Domain Reload Profiling:
	ReloadAssembly (2021ms)
		BeginReloadAssembly (200ms)
			ExecutionOrderSort (0ms)
			DisableScriptedObjects (11ms)
			BackupInstance (0ms)
			ReleaseScriptingObjects (0ms)
			CreateAndSetChildDomain (30ms)
		EndReloadAssembly (1637ms)
			LoadAssemblies (149ms)
			RebuildTransferFunctionScriptingTraits (0ms)
			SetupTypeCache (404ms)
			ReleaseScriptCaches (1ms)
			RebuildScriptCaches (101ms)
			SetupLoadedEditorAssemblies (921ms)
				LogAssemblyErrors (0ms)
				InitializePlatformSupportModulesInManaged (23ms)
				SetLoadedEditorAssemblies (1ms)
				RefreshPlugins (1ms)
				BeforeProcessingInitializeOnLoad (128ms)
				ProcessInitializeOnLoadAttributes (445ms)
				ProcessInitializeOnLoadMethodAttributes (318ms)
				AfterProcessingInitializeOnLoad (4ms)
				EditorAssembliesLoaded (0ms)
			ExecutionOrderSort2 (0ms)
			AwakeInstancesAfterBackupRestoration (9ms)
Platform modules already initialized, skipping
========================================================================
Worker process is ready to serve import requests
Launched and connected shader compiler UnityShaderCompiler.exe after 0.04 seconds
Refreshing native plugins compatible for Editor in 1.35 ms, found 2 plugins.
Preloading 0 native plugins for Editor in 0.00 ms.
Unloading 2429 Unused Serialized files (Serialized files now loaded: 0)
Unloading 63 unused Assets / (56.7 KB). Loaded Objects now: 2863.
Memory consumption went from 92.6 MB to 92.5 MB.
Total: 18.378057 ms (FindLiveObjects: 0.628427 ms CreateObjectMapping: 0.224878 ms MarkObjects: 17.344713 ms  DeleteObjects: 0.177643 ms)

AssetImportParameters requested are different than current active one (requested -> active):
  custom:video-decoder-ogg-theora: a1e56fd34408186e4bbccfd4996cb3dc -> 
  custom:container-muxer-webm: aa71ff27fc2769a1b78a27578f13a17b -> 
  custom:container-demuxer-webm: 4f35f7cbe854078d1ac9338744f61a02 -> 
  custom:video-encoder-webm-vp8: eb34c28f22e8b96e1ab97ce403110664 -> 
  custom:audio-encoder-webm-vorbis: bf7c407c2cedff20999df2af8eb42d56 -> 
  custom:framework-win-MediaFoundation: 216162199b28c13a410421893ffa2e32 -> 
  custom:container-demuxer-ogg: 62fdf1f143b41e24485cea50d1cbac27 -> 
  custom:video-decoder-webm-vp8: 9c59270c3fd7afecdb556c50c9e8de78 -> 
  custom:audio-decoder-ogg-vorbis: bf7c407c2cedff20999df2af8eb42d56 -> 
========================================================================
Received Import Request.
  Time since last request: 24736.448353 seconds.
  path: Assets/NetMQExample
  artifactKey: Guid(2f05eca71486fe64485a478b42b5caf7) Importer(815301076,1909f56bfc062723c751e8b465ee728b)
Start importing Assets/NetMQExample using Guid(2f05eca71486fe64485a478b42b5caf7) Importer(815301076,1909f56bfc062723c751e8b465ee728b)  -> (artifact id: '8c66e730cf0045ef5e25d0ec75ba26eb') in 0.026131 seconds 
========================================================================
Received Import Request.
  Time since last request: 0.017013 seconds.
  path: Assets/NetMQExample/Scripts/HR2.cs
  artifactKey: Guid(be4b48afc12fd0742bda677d71802df1) Importer(815301076,1909f56bfc062723c751e8b465ee728b)
Start importing Assets/NetMQExample/Scripts/HR2.cs using Guid(be4b48afc12fd0742bda677d71802df1) Importer(815301076,1909f56bfc062723c751e8b465ee728b)  -> (artifact id: '825e848b38ed9185b59516e057f5ade9') in 0.083340 seconds 
========================================================================
Received Import Request.
  Time since last request: 0.026650 seconds.
  path: Assets/NetMQExample/Plugins/AsyncIO.dll
  artifactKey: Guid(94a738aa208f5b44f8a25c41b0c9c3f6) Importer(815301076,1909f56bfc062723c751e8b465ee728b)
Start importing Assets/NetMQExample/Plugins/AsyncIO.dll using Guid(94a738aa208f5b44f8a25c41b0c9c3f6) Importer(815301076,1909f56bfc062723c751e8b465ee728b)  -> (artifact id: '7d0e4695d9a7a4afa0ce6a73eafae7f4') in 0.132951 seconds 
========================================================================
Received Import Request.
  Time since last request: 0.109967 seconds.
  path: Assets/Scenes
  artifactKey: Guid(6ea315d0fd7389c41b19996891e99ae3) Importer(815301076,1909f56bfc062723c751e8b465ee728b)
Start importing Assets/Scenes using Guid(6ea315d0fd7389c41b19996891e99ae3) Importer(815301076,1909f56bfc062723c751e8b465ee728b)  -> (artifact id: 'b8193726cff86800c54781cdc6d54904') in 0.015238 seconds 
========================================================================
Received Import Request.
  Time since last request: 0.155260 seconds.
  path: Assets/scripts/Move.cs
  artifactKey: Guid(99581c35618d6424dac01172ca7fd0ef) Importer(815301076,1909f56bfc062723c751e8b465ee728b)
Start importing Assets/scripts/Move.cs using Guid(99581c35618d6424dac01172ca7fd0ef) Importer(815301076,1909f56bfc062723c751e8b465ee728b)  -> (artifact id: '22d4fc0fb63f41d3593853fd068b4de9') in 0.015379 seconds 
========================================================================
Received Import Request.
  Time since last request: 0.090953 seconds.
  path: Assets/scripts/SecondTrigger.cs
  artifactKey: Guid(7e0e6e74a20266c4a8824b94fbfe0898) Importer(815301076,1909f56bfc062723c751e8b465ee728b)
Start importing Assets/scripts/SecondTrigger.cs using Guid(7e0e6e74a20266c4a8824b94fbfe0898) Importer(815301076,1909f56bfc062723c751e8b465ee728b)  -> (artifact id: '113711e7908d276a5075c776f586bab0') in 0.015081 seconds 
========================================================================
Received Import Request.
  Time since last request: 0.063998 seconds.
  path: Assets/Scenes/SampleScene.unity
  artifactKey: Guid(9fc0d4010bbf28b4594072e72b8655ab) Importer(815301076,1909f56bfc062723c751e8b465ee728b)
Start importing Assets/Scenes/SampleScene.unity using Guid(9fc0d4010bbf28b4594072e72b8655ab) Importer(815301076,1909f56bfc062723c751e8b465ee728b)  -> (artifact id: 'e55ccaa32d8e5c1de03c07a5412c8c3c') in 0.012299 seconds 
========================================================================
Received Import Request.
  Time since last request: 0.098688 seconds.
  path: Assets/NetMQExample/Plugins/NetMQ.dll
  artifactKey: Guid(926a007d91e24ab4dbb0f946bc60e51d) Importer(815301076,1909f56bfc062723c751e8b465ee728b)
Start importing Assets/NetMQExample/Plugins/NetMQ.dll using Guid(926a007d91e24ab4dbb0f946bc60e51d) Importer(815301076,1909f56bfc062723c751e8b465ee728b)  -> (artifact id: '3a4abc2339043e48c00a3dce6ea5d626') in 0.080732 seconds 
========================================================================
Received Import Request.
  Time since last request: 0.137110 seconds.
  path: Assets/Materials
  artifactKey: Guid(e924108be316a9a419657f7f74069f8b) Importer(815301076,1909f56bfc062723c751e8b465ee728b)
Start importing Assets/Materials using Guid(e924108be316a9a419657f7f74069f8b) Importer(815301076,1909f56bfc062723c751e8b465ee728b)  -> (artifact id: '52263460c086d5fba33698c7b3198ce6') in 0.030394 seconds 
========================================================================
Received Import Request.
  Time since last request: 0.034746 seconds.
  path: Assets/Task.unity
  artifactKey: Guid(1051a0410575ba04ca6b390a05123570) Importer(815301076,1909f56bfc062723c751e8b465ee728b)
Start importing Assets/Task.unity using Guid(1051a0410575ba04ca6b390a05123570) Importer(815301076,1909f56bfc062723c751e8b465ee728b)  -> (artifact id: '29f484d5691cb2b8fe12b80557b7401e') in 0.013412 seconds 
========================================================================
Received Import Request.
  Time since last request: 0.037297 seconds.
  path: Assets/Plugins/Editor/JetBrains
  artifactKey: Guid(529b81ed8d04f7a48a8f9a668f03f3b2) Importer(815301076,1909f56bfc062723c751e8b465ee728b)
Start importing Assets/Plugins/Editor/JetBrains using Guid(529b81ed8d04f7a48a8f9a668f03f3b2) Importer(815301076,1909f56bfc062723c751e8b465ee728b)  -> (artifact id: 'e39bf2188ed5f6878ef4529476bc8b3e') in 0.013036 seconds 
========================================================================
Received Import Request.
  Time since last request: 0.085839 seconds.
  path: Assets/NetMQExample/Scripts/HelloRequester.cs
  artifactKey: Guid(a9f1f5f9970743f9a5870e2b4c2dc098) Importer(815301076,1909f56bfc062723c751e8b465ee728b)
Start importing Assets/NetMQExample/Scripts/HelloRequester.cs using Guid(a9f1f5f9970743f9a5870e2b4c2dc098) Importer(815301076,1909f56bfc062723c751e8b465ee728b)  -> (artifact id: '561ec5e5c8a856ebce2f1f6f8718ca01') in 0.015743 seconds 
========================================================================
Received Import Request.
  Time since last request: 0.038616 seconds.
  path: Assets/Plugins/Editor
  artifactKey: Guid(cd60f5692df940448988a754e25cc5bf) Importer(815301076,1909f56bfc062723c751e8b465ee728b)
Start importing Assets/Plugins/Editor using Guid(cd60f5692df940448988a754e25cc5bf) Importer(815301076,1909f56bfc062723c751e8b465ee728b)  -> (artifact id: '0aece38616efdb7fad4a92eb6077ab72') in 0.013222 seconds 
========================================================================
Received Import Request.
  Time since last request: 0.088481 seconds.
  path: Assets/Plugins/Editor/JetBrains/JetBrains.Rider.Unity.Editor.Plugin.Repacked.dll
  artifactKey: Guid(06ece589393a25f44b8bedb7e46eed80) Importer(815301076,1909f56bfc062723c751e8b465ee728b)
Start importing Assets/Plugins/Editor/JetBrains/JetBrains.Rider.Unity.Editor.Plugin.Repacked.dll using Guid(06ece589393a25f44b8bedb7e46eed80) Importer(815301076,1909f56bfc062723c751e8b465ee728b)  -> (artifact id: '204676472b45271a0c89e251c40e3872') in 0.017147 seconds 
========================================================================
Received Import Request.
  Time since last request: 0.242160 seconds.
  path: Assets/NetMQExample/Scripts/PistonPush.cs
  artifactKey: Guid(eafdaa56f7fde00449ab41259331807b) Importer(815301076,1909f56bfc062723c751e8b465ee728b)
Start importing Assets/NetMQExample/Scripts/PistonPush.cs using Guid(eafdaa56f7fde00449ab41259331807b) Importer(815301076,1909f56bfc062723c751e8b465ee728b)  -> (artifact id: '7872f98ddb828a86feb5e1f4b6187eb5') in 0.011805 seconds 
========================================================================
Received Import Request.
  Time since last request: 0.024512 seconds.
  path: Assets/Plugins
  artifactKey: Guid(216ab3448390f8c4886e9725af692390) Importer(815301076,1909f56bfc062723c751e8b465ee728b)
Start importing Assets/Plugins using Guid(216ab3448390f8c4886e9725af692390) Importer(815301076,1909f56bfc062723c751e8b465ee728b)  -> (artifact id: 'd1c994f57525c05599d6b4fde93d77a5') in 0.011942 seconds 
========================================================================
Received Import Request.
  Time since last request: 0.028153 seconds.
  path: Assets/Resources
  artifactKey: Guid(5f6dfd75fd8e21242a1a64c45a2b6b6c) Importer(815301076,1909f56bfc062723c751e8b465ee728b)
Start importing Assets/Resources using Guid(5f6dfd75fd8e21242a1a64c45a2b6b6c) Importer(815301076,1909f56bfc062723c751e8b465ee728b)  -> (artifact id: 'f760cc43ad4c31a9763dc9b36bef588f') in 0.014459 seconds 
========================================================================
Received Import Request.
  Time since last request: 0.026129 seconds.
  path: Assets/Resources/BillingMode.json
  artifactKey: Guid(e76157aec41125346bbcc1c1a01d9eab) Importer(815301076,1909f56bfc062723c751e8b465ee728b)
Start importing Assets/Resources/BillingMode.json using Guid(e76157aec41125346bbcc1c1a01d9eab) Importer(815301076,1909f56bfc062723c751e8b465ee728b)  -> (artifact id: '3a5f534a85736e464e4c541107f285ca') in 0.329252 seconds 
